android/app/build/intermediates/manifest_merge_blame_file/release/manifest-merger-blame-release-report.txt
1<?xml version="1.0" encoding="utf-8"?>
2<manifest xmlns:android="http://schemas.android.com/apk/res/android"
3    package="com.markitone_app"
4    android:versionCode="1"
5    android:versionName="1.0" >
6
7    <uses-sdk
8        android:minSdkVersion="21"
8-->src/main/AndroidManifest.xml
9        android:targetSdkVersion="29" />
9-->src/main/AndroidManifest.xml
10
11    <uses-permission android:name="android.permission.INTERNET" />
11-->src/main/AndroidManifest.xml:4:5-67
11-->src/main/AndroidManifest.xml:4:22-64
12
13    <queries>
13-->src/main/AndroidManifest.xml:5:5-9:15
14        <intent>
14-->src/main/AndroidManifest.xml:6:9-8:18
15            <action android:name="android.speech.RecognitionService" />
15-->src/main/AndroidManifest.xml:7:13-72
15-->src/main/AndroidManifest.xml:7:21-69
16        </intent>
17    </queries>
18
19    <uses-permission android:name="android.permission.RECORD_AUDIO" />
19-->[:speech-engine] AndroidManifest.xml:13:5-71
19-->[:speech-engine] AndroidManifest.xml:13:22-68
20
21    <application
21-->src/main/AndroidManifest.xml:11:5-31:19
22        android:name="com.markitone_app.MainApplication"
22-->src/main/AndroidManifest.xml:12:9-40
23        android:allowBackup="false"
23-->src/main/AndroidManifest.xml:13:9-36
24        android:allowClearUserData="true"
24-->src/main/AndroidManifest.xml:14:9-42
25        android:appComponentFactory="androidx.core.app.CoreComponentFactory"
25-->[androidx.core:core:1.6.0] AndroidManifest.xml:24:18-86
26        android:icon="@mipmap/ic_launcher"
26-->src/main/AndroidManifest.xml:15:9-43
27        android:label="@string/app_name"
27-->src/main/AndroidManifest.xml:16:9-41
28        android:roundIcon="@mipmap/ic_launcher_round"
28-->src/main/AndroidManifest.xml:17:9-54
29        android:theme="@style/AppTheme"
29-->src/main/AndroidManifest.xml:18:9-40
30        android:usesCleartextTraffic="true" >
30-->src/main/AndroidManifest.xml:19:9-44
31        <activity
31-->src/main/AndroidManifest.xml:20:9-30:20
32            android:name="com.markitone_app.MainActivity"
32-->src/main/AndroidManifest.xml:21:13-41
33            android:configChanges="keyboard|keyboardHidden|orientation|screenSize|uiMode"
33-->src/main/AndroidManifest.xml:22:13-90
34            android:label="@string/app_name"
34-->src/main/AndroidManifest.xml:23:13-45
35            android:launchMode="singleTask"
35-->src/main/AndroidManifest.xml:24:13-44
36            android:windowSoftInputMode="adjustResize" >
36-->src/main/AndroidManifest.xml:25:13-55
37            <intent-filter>
37-->src/main/AndroidManifest.xml:26:13-29:29
38                <action android:name="android.intent.action.MAIN" />
38-->src/main/AndroidManifest.xml:27:17-69
38-->src/main/AndroidManifest.xml:27:25-66
39
40                <category android:name="android.intent.category.LAUNCHER" />
40-->src/main/AndroidManifest.xml:28:17-77
40-->src/main/AndroidManifest.xml:28:27-74
41            </intent-filter>
42        </activity>
43    </application>
44
45</manifest>